0 info it worked if it ends with ok
1 verbose cli [ 'node', '/usr/local/bin/npm', 'run', 'build' ]
2 info using npm@2.7.3
3 info using node@v0.12.1
4 verbose node symlink /usr/local/bin/node
5 verbose stack Error: missing script: build
5 verbose stack     at run (/usr/local/lib/node_modules/npm/lib/run-script.js:165:19)
5 verbose stack     at /usr/local/lib/node_modules/npm/lib/run-script.js:81:5
5 verbose stack     at /usr/local/lib/node_modules/npm/node_modules/read-package-json/read-json.js:52:40
5 verbose stack     at /usr/local/lib/node_modules/npm/node_modules/read-package-json/read-json.js:376:33
5 verbose stack     at checkBinReferences_ (/usr/local/lib/node_modules/npm/node_modules/read-package-json/read-json.js:341:59)
5 verbose stack     at final (/usr/local/lib/node_modules/npm/node_modules/read-package-json/read-json.js:373:17)
5 verbose stack     at then (/usr/local/lib/node_modules/npm/node_modules/read-package-json/read-json.js:127:33)
5 verbose stack     at /usr/local/lib/node_modules/npm/node_modules/read-package-json/read-json.js:332:40
5 verbose stack     at evalmachine.<anonymous>:336:14
5 verbose stack     at /usr/local/lib/node_modules/npm/node_modules/graceful-fs/graceful-fs.js:102:5
6 verbose cwd /Users/jenniferthibault/Desktop/code/fec-cms
7 error Darwin 14.1.0
8 error argv "node" "/usr/local/bin/npm" "run" "build"
9 error node v0.12.1
10 error npm  v2.7.3
11 error missing script: build
12 error If you need help, you may report this error at:
12 error     <https://github.com/npm/npm/issues>
13 verbose exit [ 1, true ]
